<?xml version="1.0" encoding="UTF-8"?>
<!-- Generated by org.testng.reporters.JUnitXMLReporter -->
<testsuite hostname="DESKTOP-5P0UC5Q" ignored="2" name="Command line test" tests="1" failures="1" timestamp="2021-08-01T19:09:41 IST" time="0.234" errors="0">
  <testcase name="LoginT" time="0.006" classname="test.LoginTest">
    <failure type="java.lang.NullPointerException">
      <![CDATA[java.lang.NullPointerException
at test.LoginTest.LoginT(LoginTest.java:22)
at java.util.ArrayList.forEach(ArrayList.java:1259)
... Removed 37 stack frames]]>
    </failure>
  </testcase> <!-- LoginT -->
  <testcase name="@AfterTest afterSuite" time="0.0" classname="test.BaseTest">
    <ignored/>
  </testcase> <!-- @AfterTest afterSuite -->
  <testcase name="@BeforeSuite beforetest" time="0.0" classname="test.BaseTest">
    <ignored/>
  </testcase> <!-- @BeforeSuite beforetest -->
</testsuite> <!-- Command line test -->
