<?xml version="1.0" encoding="UTF-8"?>
<testng-results skipped="0" failed="0" ignored="0" total="1" passed="1">
  <reporter-output>
  </reporter-output>
  <suite name="Suite" duration-ms="6055" started-at="2021-08-01T19:13:38 IST" finished-at="2021-08-01T19:13:44 IST">
    <groups>
    </groups>
    <test name="Test" duration-ms="6055" started-at="2021-08-01T19:13:38 IST" finished-at="2021-08-01T19:13:44 IST">
      <class name="test.LoginTest">
        <test-method status="PASS" signature="beforetest(java.lang.String)[pri:0, instance:test.LoginTest@cd2dae5]" name="beforetest" is-config="true" duration-ms="4162" started-at="2021-08-01T19:13:34 IST" finished-at="2021-08-01T19:13:38 IST">
          <params>
            <param index="0">
              <value>
                <![CDATA[chrome]]>
              </value>
            </param>
          </params>
          <reporter-output>
          </reporter-output>
        </test-method> <!-- beforetest -->
        <test-method status="PASS" signature="LoginT()[pri:0, instance:test.LoginTest@cd2dae5]" name="LoginT" duration-ms="5765" started-at="2021-08-01T19:13:38 IST" finished-at="2021-08-01T19:13:44 IST">
          <reporter-output>
          </reporter-output>
        </test-method> <!-- LoginT -->
        <test-method status="PASS" signature="afterSuite()[pri:0, instance:test.LoginTest@cd2dae5]" name="afterSuite" is-config="true" duration-ms="218" started-at="2021-08-01T19:13:44 IST" finished-at="2021-08-01T19:13:44 IST">
          <reporter-output>
          </reporter-output>
        </test-method> <!-- afterSuite -->
      </class> <!-- test.LoginTest -->
    </test> <!-- Test -->
  </suite> <!-- Suite -->
</testng-results>
