<?xml version="1.0" encoding="UTF-8"?>
<testng-results skipped="0" failed="0" ignored="0" total="1" passed="1">
  <reporter-output>
  </reporter-output>
  <suite name="Default suite" duration-ms="6492" started-at="2021-08-01T19:07:07 IST" finished-at="2021-08-01T19:07:13 IST">
    <groups>
    </groups>
    <test name="Default test" duration-ms="6492" started-at="2021-08-01T19:07:07 IST" finished-at="2021-08-01T19:07:13 IST">
      <class name="test.LoginTest">
        <test-method status="PASS" signature="beforetest(java.lang.String)[pri:0, instance:test.LoginTest@3578436e]" name="beforetest" is-config="true" duration-ms="4330" started-at="2021-08-01T19:07:03 IST" finished-at="2021-08-01T19:07:07 IST">
          <params>
            <param index="0">
              <value>
                <![CDATA[chrome]]>
              </value>
            </param>
          </params>
          <reporter-output>
          </reporter-output>
        </test-method> <!-- beforetest -->
        <test-method status="PASS" signature="LoginT()[pri:0, instance:test.LoginTest@3578436e]" name="LoginT" duration-ms="6110" started-at="2021-08-01T19:07:07 IST" finished-at="2021-08-01T19:07:13 IST">
          <reporter-output>
          </reporter-output>
        </test-method> <!-- LoginT -->
        <test-method status="PASS" signature="afterSuite()[pri:0, instance:test.LoginTest@3578436e]" name="afterSuite" is-config="true" duration-ms="253" started-at="2021-08-01T19:07:13 IST" finished-at="2021-08-01T19:07:13 IST">
          <reporter-output>
          </reporter-output>
        </test-method> <!-- afterSuite -->
      </class> <!-- test.LoginTest -->
    </test> <!-- Default test -->
  </suite> <!-- Default suite -->
</testng-results>
